#
# A fatal error has been detected by the Java Runtime Environment:
#
#  SIGSEGV (0xb) at pc=0xafb2ed71, pid=6800, tid=3076265664
#
# JRE version: 6.0_24-b24
# Java VM: OpenJDK Client VM (20.0-b12 mixed mode, sharing linux-x86 )
# Derivative: IcedTea6 1.11.5
# Distribution: Ubuntu 12.04 LTS, package 6b24-1.11.5-0ubuntu1~12.04.1
# Problematic frame:
# C  [libwebkitgtk-1.0.so.0+0x19ed71]  webkitWebViewRegisterForIconNotification+0xe1
#
# If you would like to submit a bug report, please include
# instructions how to reproduce the bug and visit:
#   https://bugs.launchpad.net/ubuntu/+source/openjdk-6/
# The crash happened outside the Java Virtual Machine in native code.
# See problematic frame for where to report the bug.
#

---------------  T H R E A D  ---------------

Current thread (0x08aaa000):  JavaThread "main" [_thread_in_native, id=6800, stack(0xbf9b8000,0xbfa08000)]

siginfo:si_signo=SIGSEGV: si_errno=0, si_code=1 (SEGV_MAPERR), si_addr=0x00000040

Registers:
EAX=0x00000000, EBX=0xb0ef2ff4, ECX=0x00000003, EDX=0x00000040
ESP=0xbfa055bc, EBP=0x08aa19b8, ESI=0x08e42608, EDI=0x00000003
EIP=0xafb2ed71, EFLAGS=0x00010202, CR2=0x00000040

Top of Stack: (sp=0xbfa055bc)
0xbfa055bc:   afb0507a 08e57df8 b72ec3f6 b735dff4
0xbfa055cc:   b777acbf b0ef2ff4 08e6f3d0 00000003
0xbfa055dc:   afb0510b 08e42608 00000002 00000000
0xbfa055ec:   b777bc39 0000000f afb050f6 b735dff4
0xbfa055fc:   b72ada7f 08e42608 08e6f3d0 00000003
0xbfa0560c:   b72ec410 08a457f8 00000000 b777f9f2
0xbfa0561c:   b735dff4 08e6f3d0 00000003 08aa19b8
0xbfa0562c:   b72acd86 08e6f3d0 afb050f0 08e42608 

Instructions: (pc=0xafb2ed71)
0xafb2ed51:   eb 8a 8d b6 00 00 00 00 8d bc 27 00 00 00 00 8b
0xafb2ed61:   44 24 04 85 c0 74 10 8b 50 44 31 c0 85 d2 74 0f
0xafb2ed71:   8b 02 c3 8d 74 26 00 31 c0 8d b6 00 00 00 00 f3
0xafb2ed81:   c3 8d b4 26 00 00 00 00 8d bc 27 00 00 00 00 56 

Register to memory mapping:

EAX=0x00000000 is an unknown value
EBX=0xb0ef2ff4: <offset 0x1562ff4> in /usr/lib/libwebkitgtk-1.0.so.0 at 0xaf990000
ECX=0x00000003 is an unknown value
EDX=0x00000040 is an unknown value
ESP=0xbfa055bc is pointing into the stack for thread: 0x08aaa000
EBP=0x08aa19b8 is an unknown value
ESI=0x08e42608 is an unknown value
EDI=0x00000003 is an unknown value


Stack: [0xbf9b8000,0xbfa08000],  sp=0xbfa055bc,  free space=309k
Native frames: (J=compiled Java code, j=interpreted, Vv=VM code, C=native code)
C  [libwebkitgtk-1.0.so.0+0x19ed71]  webkitWebViewRegisterForIconNotification+0xe1

Java frames: (J=compiled Java code, j=interpreted, Vv=VM code)
j  org.eclipse.swt.internal.gtk.OS._g_main_context_iteration(IZ)Z+0
j  org.eclipse.swt.internal.gtk.OS.g_main_context_iteration(IZ)Z+9
j  org.eclipse.swt.widgets.Display.readAndDispatch()Z+36
j  org.eclipse.ui.internal.Workbench.runEventLoop(Lorg/eclipse/jface/window/Window$IExceptionHandler;Lorg/eclipse/swt/widgets/Display;)V+9
j  org.eclipse.ui.internal.Workbench.runUI()I+555
j  org.eclipse.ui.internal.Workbench.access$4(Lorg/eclipse/ui/internal/Workbench;)I+1
j  org.eclipse.ui.internal.Workbench$7.run()V+73
j  org.eclipse.core.databinding.observable.Realm.runWithDefault(Lorg/eclipse/core/databinding/observable/Realm;Ljava/lang/Runnable;)V+12
j  org.eclipse.ui.internal.Workbench.createAndRunWorkbench(Lorg/eclipse/swt/widgets/Display;Lorg/eclipse/ui/application/WorkbenchAdvisor;)I+18
j  org.eclipse.ui.PlatformUI.createAndRunWorkbench(Lorg/eclipse/swt/widgets/Display;Lorg/eclipse/ui/application/WorkbenchAdvisor;)I+2
j  org.eclipse.ui.internal.ide.application.IDEApplication.start(Lorg/eclipse/equinox/app/IApplicationContext;)Ljava/lang/Object;+108
j  org.eclipse.equinox.internal.app.EclipseAppHandle.run(Ljava/lang/Object;)Ljava/lang/Object;+135
j  org.eclipse.core.runtime.internal.adaptor.EclipseAppLauncher.runApplication(Ljava/lang/Object;)Ljava/lang/Object;+103
j  org.eclipse.core.runtime.internal.adaptor.EclipseAppLauncher.start(Ljava/lang/Object;)Ljava/lang/Object;+29
j  org.eclipse.core.runtime.adaptor.EclipseStarter.run(Ljava/lang/Object;)Ljava/lang/Object;+149
j  org.eclipse.core.runtime.adaptor.EclipseStarter.run([Ljava/lang/String;Ljava/lang/Runnable;)Ljava/lang/Object;+183
v  ~StubRoutines::call_stub
j  sun.reflect.NativeMethodAccessorImpl.invoke0(Ljava/lang/reflect/Method;Ljava/lang/Object;[Ljava/lang/Object;)Ljava/lang/Object;+0
j  sun.reflect.NativeMethodAccessorImpl.invoke(Ljava/lang/Object;[Ljava/lang/Object;)Ljava/lang/Object;+87
j  sun.reflect.DelegatingMethodAccessorImpl.invoke(Ljava/lang/Object;[Ljava/lang/Object;)Ljava/lang/Object;+6
j  java.lang.reflect.Method.invoke(Ljava/lang/Object;[Ljava/lang/Object;)Ljava/lang/Object;+161
j  org.eclipse.equinox.launcher.Main.invokeFramework([Ljava/lang/String;[Ljava/net/URL;)V+211
j  org.eclipse.equinox.launcher.Main.basicRun([Ljava/lang/String;)V+126
j  org.eclipse.equinox.launcher.Main.run([Ljava/lang/String;)I+4
v  ~StubRoutines::call_stub

---------------  P R O C E S S  ---------------

Java Threads: ( => current thread )
  0x08c4c800 JavaThread "Worker-9" [_thread_blocked, id=6951, stack(0xaa5b1000,0xaa602000)]
  0xb1c05400 JavaThread "Worker-8" [_thread_blocked, id=6950, stack(0xaa602000,0xaa653000)]
  0xb1f62c00 JavaThread "Worker-7" [_thread_blocked, id=6949, stack(0xaa653000,0xaa6a4000)]
  0xb1e05800 JavaThread "Worker-6" [_thread_blocked, id=6948, stack(0xaa6a4000,0xaa6f5000)]
  0x08c47000 JavaThread "Worker-5" [_thread_blocked, id=6947, stack(0xaa6f5000,0xaa746000)]
  0xb1bccc00 JavaThread "Worker-4" [_thread_blocked, id=6946, stack(0xaa746000,0xaa797000)]
  0x08c8e000 JavaThread "Worker-3" [_thread_blocked, id=6945, stack(0xaa797000,0xaa7e8000)]
  0xb1c01400 JavaThread "Worker-2" [_thread_blocked, id=6944, stack(0xb1334000,0xb1385000)]
  0xb1bcdc00 JavaThread "Worker-1" [_thread_blocked, id=6943, stack(0xb13a6000,0xb13f7000)]
  0x08e79400 JavaThread "Java indexing" daemon [_thread_blocked, id=6936, stack(0xb0f86000,0xb0fd7000)]
  0x08ccc000 JavaThread "Worker-0" [_thread_blocked, id=6933, stack(0xb1408000,0xb1459000)]
  0xb5c04c00 JavaThread "[ThreadPool Manager] - Idle Thread" daemon [_thread_blocked, id=6882, stack(0xb18ea000,0xb193b000)]
  0xb1f42400 JavaThread "Worker-JM" [_thread_blocked, id=6879, stack(0xb1848000,0xb1899000)]
  0xb1f0fc00 JavaThread "[Timer] - Main Queue Handler" daemon [_thread_blocked, id=6878, stack(0xb1899000,0xb18ea000)]
  0xb1f29c00 JavaThread "Framework Event Dispatcher" daemon [_thread_blocked, id=6876, stack(0xb193b000,0xb198c000)]
  0x08b14800 JavaThread "Start Level Event Dispatcher" daemon [_thread_blocked, id=6875, stack(0xb198c000,0xb19dd000)]
  0x08b3fc00 JavaThread "State Data Manager" daemon [_thread_blocked, id=6874, stack(0xb19dd000,0xb1a2e000)]
  0x08b3c000 JavaThread "Framework Active Thread" [_thread_blocked, id=6873, stack(0xb1a2e000,0xb1a7f000)]
  0x08ae0800 JavaThread "Low Memory Detector" daemon [_thread_blocked, id=6871, stack(0xb200d000,0xb205e000)]
  0x08ade800 JavaThread "C1 CompilerThread0" daemon [_thread_blocked, id=6870, stack(0xb1d7f000,0xb1e00000)]
  0x08add000 JavaThread "Signal Dispatcher" daemon [_thread_blocked, id=6869, stack(0xb205e000,0xb20af000)]
  0x08ad9400 JavaThread "Finalizer" daemon [_thread_blocked, id=6868, stack(0xb20af000,0xb2100000)]
  0x08ad7c00 JavaThread "Reference Handler" daemon [_thread_blocked, id=6867, stack(0xb2211000,0xb2262000)]
=>0x08aaa000 JavaThread "main" [_thread_in_native, id=6800, stack(0xbf9b8000,0xbfa08000)]

Other Threads:
  0x08ad6000 VMThread [stack: 0xb2262000,0xb22e3000] [id=6866]
  0x08ae2c00 WatcherThread [stack: 0xb1a7f000,0xb1b00000] [id=6872]

VM state:not at safepoint (normal execution)

VM Mutex/Monitor currently owned by a thread: None

Heap
 def new generation   total 12352K, used 1704K [0x6aa30000, 0x6b790000, 0x72a30000)
  eden space 11008K,   7% used [0x6aa30000, 0x6ab03160, 0x6b4f0000)
  from space 1344K,  64% used [0x6b640000, 0x6b717220, 0x6b790000)
  to   space 1344K,   0% used [0x6b4f0000, 0x6b4f0000, 0x6b640000)
 tenured generation   total 27328K, used 10326K [0x72a30000, 0x744e0000, 0x82a30000)
   the space 27328K,  37% used [0x72a30000, 0x73445928, 0x73445a00, 0x744e0000)
 compacting perm gen  total 27648K, used 27453K [0x82a30000, 0x84530000, 0x92a30000)
   the space 27648K,  99% used [0x82a30000, 0x844ff4b0, 0x844ff600, 0x84530000)
    ro space 10240K,  73% used [0x92a30000, 0x931905c8, 0x93190600, 0x93430000)
    rw space 12288K,  60% used [0x93430000, 0x93b79038, 0x93b79200, 0x94030000)

Code Cache  [0xb2783000, 0xb29cb000, 0xb4783000)
 total_blobs=1018 nmethods=843 adapters=110 free_code_cache=31192896 largest_free_block=256

Dynamic libraries:
08048000-0804c000 r-xp 00000000 08:01 531056     /usr/lib/eclipse/eclipse
0804c000-0804d000 r--p 00003000 08:01 531056     /usr/lib/eclipse/eclipse
0804d000-0804e000 rw-p 00004000 08:01 531056     /usr/lib/eclipse/eclipse
08a21000-09022000 rw-p 00000000 00:00 0          [heap]
6aa30000-6b790000 rw-p 00000000 00:00 0 
6b790000-72a30000 rw-p 00000000 00:00 0 
72a30000-744e0000 rw-p 00000000 00:00 0 
744e0000-82a30000 rw-p 00000000 00:00 0 
82a30000-84530000 rw-p 00000000 00:00 0 
84530000-92a30000 rw-p 00000000 00:00 0 
92a30000-93191000 r--s 00001000 08:01 397866     /usr/lib/jvm/java-6-openjdk-i386/jre/lib/i386/client/classes.jsa
93191000-93430000 rw-p 00000000 00:00 0 
93430000-93b7a000 rw-p 00762000 08:01 397866     /usr/lib/jvm/java-6-openjdk-i386/jre/lib/i386/client/classes.jsa
93b7a000-94030000 rw-p 00000000 00:00 0 
94030000-9412c000 rw-p 00eac000 08:01 397866     /usr/lib/jvm/java-6-openjdk-i386/jre/lib/i386/client/classes.jsa
9412c000-94430000 rw-p 00000000 00:00 0 
94430000-94438000 r-xs 00fa8000 08:01 397866     /usr/lib/jvm/java-6-openjdk-i386/jre/lib/i386/client/classes.jsa
94438000-94830000 rw-p 00000000 00:00 0 
aa52f000-aa58e000 r--p 00000000 08:01 1452002    /usr/share/fonts/truetype/ubuntu-font-family/Ubuntu-RI.ttf
aa58e000-aa590000 r--s 00000000 08:01 531078     /usr/lib/eclipse/plugins/org.eclipse.update.core.linux_3.2.200.dist.jar
aa590000-aa599000 r--s 00086000 08:01 667828     /usr/share/eclipse/plugins/org.eclipse.update.core_3.2.500.dist.jar
aa599000-aa59b000 r--s 00005000 08:01 667829     /usr/share/eclipse/plugins/org.eclipse.update.scheduler_3.2.300.dist.jar
aa59b000-aa59e000 r--s 00017000 08:01 531065     /usr/lib/eclipse/plugins/org.eclipse.equinox.p2.metadata.repository_1.2.0.dist.jar
aa59e000-aa5a2000 r--s 0001a000 08:01 667761     /usr/share/eclipse/plugins/org.eclipse.equinox.p2.repository_2.1.1.dist.jar
aa5a2000-aa5a9000 r--s 00049000 08:01 667757     /usr/share/eclipse/plugins/org.eclipse.equinox.p2.metadata_2.1.0.dist.jar
aa5a9000-aa5ad000 r--s 00028000 08:01 667754     /usr/share/eclipse/plugins/org.eclipse.equinox.p2.engine_2.1.1.dist.jar
aa5ad000-aa5af000 r--s 0000b000 08:01 667758     /usr/share/eclipse/plugins/org.eclipse.equinox.p2.operations_2.1.1.dist.jar
aa5af000-aa5b1000 r--s 0000b000 08:01 667766     /usr/share/eclipse/plugins/org.eclipse.equinox.p2.ui.sdk.scheduler_1.0.100.dist.jar
aa5b1000-aa5b4000 ---p 00000000 00:00 0 
aa5b4000-aa602000 rw-p 00000000 00:00 0 
aa602000-aa605000 ---p 00000000 00:00 0 
aa605000-aa653000 rw-p 00000000 00:00 0 
aa653000-aa656000 ---p 00000000 00:00 0 
aa656000-aa6a4000 rw-p 00000000 00:00 0 
aa6a4000-aa6a7000 ---p 00000000 00:00 0 
aa6a7000-aa6f5000 rw-p 00000000 00:00 0 
aa6f5000-aa6f8000 ---p 00000000 00:00 0 
aa6f8000-aa746000 rw-p 00000000 00:00 0 
aa746000-aa749000 ---p 00000000 00:00 0 
aa749000-aa797000 rw-p 00000000 00:00 0 
aa797000-aa79a000 ---p 00000000 00:00 0 
aa79a000-aa7e8000 rw-p 00000000 00:00 0 
aa7e8000-aa7ea000 r--s 00009000 08:01 667823     /usr/share/eclipse/plugins/org.eclipse.ui.net_1.2.100.dist.jar
aa7ea000-aa7ec000 r--s 00013000 08:01 399686     /usr/lib/jvm/java-6-openjdk-common/jre/lib/jce.jar
aa7ec000-aa7ef000 r--s 00016000 08:01 667772     /usr/share/eclipse/plugins/org.eclipse.equinox.security_1.1.1.dist.jar
aa7ef000-aaaa9000 rw-p 00000000 00:00 0 
aaaa9000-aaac8000 rw-p 00000000 00:00 0 
aaac8000-aab78000 r--p 00000000 08:01 1448722    /usr/share/fonts/truetype/ttf-dejavu/DejaVuSans.ttf
aab78000-aac78000 rw-p 00000000 00:00 0 
aac78000-aac79000 ---p 00000000 00:00 0 
aac79000-ab479000 rw-p 00000000 00:00 0 
ab479000-ab47a000 rw-p 00000000 00:00 0 
ab47a000-ab47b000 ---p 00000000 00:00 0 
ab47b000-abc7b000 rw-p 00000000 00:00 0 
abc7b000-abc7f000 rwxp 00000000 00:00 0 
abc7f000-abcdf000 rw-s 00000000 00:04 720916     /SYSV00000000 (deleted)
abcdf000-abce5000 r--s 00042000 08:01 667810     /usr/share/eclipse/plugins/org.eclipse.ui.forms_3.5.101.dist.jar
abd04000-abdbe000 rw-p 00000000 00:00 0 
abdbe000-abdc2000 rwxp 00000000 00:00 0 
abdc2000-ac200000 rw-p 00000000 00:00 0 
ac200000-ac201000 ---p 00000000 00:00 0 
ac201000-aca01000 rw-p 00000000 00:00 0 
aca01000-aca05000 r-xp 00000000 08:01 396595     /usr/lib/i386-linux-gnu/gio/modules/libgiognomeproxy.so
aca05000-aca06000 r--p 00003000 08:01 396595     /usr/lib/i386-linux-gnu/gio/modules/libgiognomeproxy.so
aca06000-aca07000 rw-p 00004000 08:01 396595     /usr/lib/i386-linux-gnu/gio/modules/libgiognomeproxy.so
aca07000-aca08000 ---p 00000000 00:00 0 
aca08000-ad328000 rw-p 00000000 00:00 0 
ad328000-ad329000 ---p 00000000 00:00 0 
ad329000-adb29000 rw-p 00000000 00:00 0 
adb29000-adb2d000 r-xp 00000000 08:01 1049540    /lib/i386-linux-gnu/libuuid.so.1.3.0
adb2d000-adb2e000 r--p 00003000 08:01 1049540    /lib/i386-linux-gnu/libuuid.so.1.3.0
adb2e000-adb2f000 rw-p 00004000 08:01 1049540    /lib/i386-linux-gnu/libuuid.so.1.3.0
adb2f000-adb45000 r-xp 00000000 08:01 393993     /usr/lib/i386-linux-gnu/libICE.so.6.3.0
adb45000-adb46000 r--p 00015000 08:01 393993     /usr/lib/i386-linux-gnu/libICE.so.6.3.0
adb46000-adb47000 rw-p 00016000 08:01 393993     /usr/lib/i386-linux-gnu/libICE.so.6.3.0
adb47000-adb49000 rw-p 00000000 00:00 0 
adb49000-adb50000 r-xp 00000000 08:01 394159     /usr/lib/i386-linux-gnu/libSM.so.6.0.1
adb50000-adb51000 r--p 00006000 08:01 394159     /usr/lib/i386-linux-gnu/libSM.so.6.0.1
adb51000-adb52000 rw-p 00007000 08:01 394159     /usr/lib/i386-linux-gnu/libSM.so.6.0.1
adb52000-aecc1000 r-xp 00000000 08:01 395301     /usr/lib/libicudata.so.48.1.1
aecc1000-aecc2000 r--p 0116e000 08:01 395301     /usr/lib/libicudata.so.48.1.1
aecc2000-aecc3000 rw-p 0116f000 08:01 395301     /usr/lib/libicudata.so.48.1.1
aecc3000-aed4e000 r-xp 00000000 08:01 395333     /usr/lib/i386-linux-gnu/liborc-0.4.so.0.16.0
aed4e000-aed4f000 r--p 0008a000 08:01 395333     /usr/lib/i386-linux-gnu/liborc-0.4.so.0.16.0
aed4f000-aed53000 rw-p 0008b000 08:01 395333     /usr/lib/i386-linux-gnu/liborc-0.4.so.0.16.0
aed53000-aed77000 r-xp 00000000 08:01 393379     /usr/lib/i386-linux-gnu/libdbus-glib-1.so.2.2.2
aed77000-aed78000 r--p 00023000 08:01 393379     /usr/lib/i386-linux-gnu/libdbus-glib-1.so.2.2.2
aed78000-aed79000 rw-p 00024000 08:01 393379     /usr/lib/i386-linux-gnu/libdbus-glib-1.so.2.2.2
aed79000-aedd1000 r-xp 00000000 08:01 394295     /usr/lib/i386-linux-gnu/libXt.so.6.0.0
aedd1000-aedd2000 r--p 00057000 08:01 394295     /usr/lib/i386-linux-gnu/libXt.so.6.0.0
aedd2000-aedd5000 rw-p 00058000 08:01 394295     /usr/lib/i386-linux-gnu/libXt.so.6.0.0
aedd5000-aef2b000 r-xp 00000000 08:01 395304     /usr/lib/libicuuc.so.48.1.1
aef2b000-aef35000 r--p 00155000 08:01 395304     /usr/lib/libicuuc.so.48.1.1
aef35000-aef36000 rw-p 0015f000 08:01 395304     /usr/lib/libicuuc.so.48.1.1
aef36000-aef3a000 rw-p 00000000 00:00 0 
aef3a000-af108000 r-xp 00000000 08:01 395308     /usr/lib/libicui18n.so.48.1.1
af108000-af109000 ---p 001ce000 08:01 395308     /usr/lib/libicui18n.so.48.1.1
af109000-af10f000 r--p 001ce000 08:01 395308     /usr/lib/libicui18n.so.48.1.1
af10f000-af110000 rw-p 001d4000 08:01 395308     /usr/lib/libicui18n.so.48.1.1
af110000-af111000 rw-p 00000000 00:00 0 
af111000-af1b3000 r-xp 00000000 08:01 394254     /usr/lib/i386-linux-gnu/libsqlite3.so.0.8.6
af1b3000-af1b4000 r--p 000a2000 08:01 394254     /usr/lib/i386-linux-gnu/libsqlite3.so.0.8.6
af1b4000-af1b5000 rw-p 000a3000 08:01 394254     /usr/lib/i386-linux-gnu/libsqlite3.so.0.8.6
af1b5000-af1b6000 rw-p 00000000 00:00 0 
af1b6000-af2fd000 r-xp 00000000 08:01 394892     /usr/lib/i386-linux-gnu/libxml2.so.2.7.8
af2fd000-af301000 r--p 00147000 08:01 394892     /usr/lib/i386-linux-gnu/libxml2.so.2.7.8
af301000-af302000 rw-p 0014b000 08:01 394892     /usr/lib/i386-linux-gnu/libxml2.so.2.7.8
af302000-af303000 rw-p 00000000 00:00 0 
af303000-af33d000 r-xp 00000000 08:01 396700     /usr/lib/i386-linux-gnu/libxslt.so.1.1.26
af33d000-af33e000 r--p 0003a000 08:01 396700     /usr/lib/i386-linux-gnu/libxslt.so.1.1.26
af33e000-af33f000 rw-p 0003b000 08:01 396700     /usr/lib/i386-linux-gnu/libxslt.so.1.1.26
af33f000-af384000 r-xp 00000000 08:01 399486     /usr/lib/i386-linux-gnu/libjpeg.so.8.0.2
af384000-af385000 r--p 00044000 08:01 399486     /usr/lib/i386-linux-gnu/libjpeg.so.8.0.2
af385000-af386000 rw-p 00045000 08:01 399486     /usr/lib/i386-linux-gnu/libjpeg.so.8.0.2
af386000-af396000 rw-p 00000000 00:00 0 
af396000-af479000 r-xp 00000000 08:01 399717     /usr/lib/i386-linux-gnu/libgstreamer-0.10.so.0.30.0
af479000-af47c000 r--p 000e2000 08:01 399717     /usr/lib/i386-linux-gnu/libgstreamer-0.10.so.0.30.0
af47c000-af47d000 rw-p 000e5000 08:01 399717     /usr/lib/i386-linux-gnu/libgstreamer-0.10.so.0.30.0
af47d000-af47e000 rw-p 00000000 00:00 0 
af47e000-af4dc000 r-xp 00000000 08:01 395984     /usr/lib/i386-linux-gnu/libgstbase-0.10.so.0.30.0
af4dc000-af4dd000 r--p 0005d000 08:01 395984     /usr/lib/i386-linux-gnu/libgstbase-0.10.so.0.30.0
af4dd000-af4de000 rw-p 0005e000 08:01 395984     /usr/lib/i386-linux-gnu/libgstbase-0.10.so.0.30.0
af4de000-af4fa000 r-xp 00000000 08:01 394843     /usr/lib/i386-linux-gnu/libgstvideo-0.10.so.0.25.0
af4fa000-af4fb000 r--p 0001b000 08:01 394843     /usr/lib/i386-linux-gnu/libgstvideo-0.10.so.0.25.0
af4fb000-af4fc000 rw-p 0001c000 08:01 394843     /usr/lib/i386-linux-gnu/libgstvideo-0.10.so.0.25.0
af4fc000-af51c000 r-xp 00000000 08:01 394530     /usr/lib/i386-linux-gnu/libgstpbutils-0.10.so.0.25.0
af51c000-af51d000 ---p 00020000 08:01 394530     /usr/lib/i386-linux-gnu/libgstpbutils-0.10.so.0.25.0
af51d000-af51e000 r--p 00020000 08:01 394530     /usr/lib/i386-linux-gnu/libgstpbutils-0.10.so.0.25.0
af51e000-af51f000 rw-p 00021000 08:01 394530     /usr/lib/i386-linux-gnu/libgstpbutils-0.10.so.0.25.0
af51f000-af52e000 r-xp 00000000 08:01 395269     /usr/lib/i386-linux-gnu/libgstinterfaces-0.10.so.0.25.0
af52e000-af52f000 r--p 0000f000 08:01 395269     /usr/lib/i386-linux-gnu/libgstinterfaces-0.10.so.0.25.0
af52f000-af530000 rw-p 00010000 08:01 395269     /usr/lib/i386-linux-gnu/libgstinterfaces-0.10.so.0.25.0
af530000-af53b000 r-xp 00000000 08:01 394327     /usr/lib/i386-linux-gnu/libgstapp-0.10.so.0.25.0
af53b000-af53c000 r--p 0000a000 08:01 394327     /usr/lib/i386-linux-gnu/libgstapp-0.10.so.0.25.0
af53c000-af53d000 rw-p 0000b000 08:01 394327     /usr/lib/i386-linux-gnu/libgstapp-0.10.so.0.25.0
af53d000-af54f000 r-xp 00000000 08:01 393488     /usr/lib/libgeoclue.so.0.0.0
af54f000-af550000 r--p 00011000 08:01 393488     /usr/lib/libgeoclue.so.0.0.0
af550000-af551000 rw-p 00012000 08:01 393488     /usr/lib/libgeoclue.so.0.0.0
af551000-af557000 r-xp 00000000 08:01 394099     /usr/lib/i386-linux-gnu/libgailutil.so.18.0.1
af557000-af558000 r--p 00005000 08:01 394099     /usr/lib/i386-linux-gnu/libgailutil.so.18.0.1
af558000-af559000 rw-p 00006000 08:01 394099     /usr/lib/i386-linux-gnu/libgailutil.so.18.0.1
af559000-af563000 r-xp 00000000 08:01 393280     /usr/lib/libenchant.so.1.6.0
af563000-af564000 r--p 00009000 08:01 393280     /usr/lib/libenchant.so.1.6.0
af564000-af565000 rw-p 0000a000 08:01 393280     /usr/lib/libenchant.so.1.6.0
af565000-af90c000 r-xp 00000000 08:01 393288     /usr/lib/libjavascriptcoregtk-1.0.so.0.13.4
af90c000-af913000 r--p 003a6000 08:01 393288     /usr/lib/libjavascriptcoregtk-1.0.so.0.13.4
af913000-af917000 rw-p 003ad000 08:01 393288     /usr/lib/libjavascriptcoregtk-1.0.so.0.13.4
af917000-af928000 rw-p 00000000 00:00 0 
af928000-af98d000 r-xp 00000000 08:01 395821     /usr/lib/i386-linux-gnu/libsoup-2.4.so.1.5.0
af98d000-af98e000 r--p 00064000 08:01 395821     /usr/lib/i386-linux-gnu/libsoup-2.4.so.1.5.0
af98e000-af98f000 rw-p 00065000 08:01 395821     /usr/lib/i386-linux-gnu/libsoup-2.4.so.1.5.0
af98f000-af990000 rw-p 00000000 00:00 0 
af990000-b0e3b000 r-xp 00000000 08:01 394195     /usr/lib/libwebkitgtk-1.0.so.0.13.4
b0e3b000-b0e3c000 ---p 014ab000 08:01 394195     /usr/lib/libwebkitgtk-1.0.so.0.13.4
b0e3c000-b0ef3000 r--p 014ab000 08:01 394195     /usr/lib/libwebkitgtk-1.0.so.0.13.4
b0ef3000-b0efc000 rw-p 01562000 08:01 394195     /usr/lib/libwebkitgtk-1.0.so.0.13.4
b0efc000-b0f03000 rw-p 00000000 00:00 0 
b0f03000-b0f04000 r--s 00002000 08:01 667769     /usr/share/eclipse/plugins/org.eclipse.equinox.p2.updatechecker_1.1.200.dist.jar
b0f04000-b0f06000 r--s 0000e000 08:01 667721     /usr/share/eclipse/plugins/org.eclipse.core.net_1.2.100.dist.jar
b0f06000-b0f16000 rw-p 00000000 00:00 0 
b0f16000-b0f1e000 r-xp 00000000 08:01 921604     /usr/lib/jni/libswt-webkit-gtk-3740.so
b0f1e000-b0f1f000 r--p 00007000 08:01 921604     /usr/lib/jni/libswt-webkit-gtk-3740.so
b0f1f000-b0f20000 rw-p 00008000 08:01 921604     /usr/lib/jni/libswt-webkit-gtk-3740.so
b0f20000-b0f26000 r--s 00044000 08:01 667821     /usr/share/eclipse/plugins/org.eclipse.ui.intro_3.4.100.dist.jar
b0f26000-b0f28000 r--s 00013000 08:01 667713     /usr/share/eclipse/plugins/org.eclipse.ui.intro.universal_3.2.500.dist/universal.jar
b0f28000-b0f2c000 r--s 0001c000 08:01 667809     /usr/share/eclipse/plugins/org.eclipse.ui.externaltools_3.2.0.dist.jar
b0f2c000-b0f35000 r--s 00054000 08:01 667799     /usr/share/eclipse/plugins/org.eclipse.team.core_3.6.0.dist.jar
b0f35000-b0f38000 r--s 00017000 08:01 667719     /usr/share/eclipse/plugins/org.eclipse.core.filebuffers_3.5.200.dist.jar
b0f38000-b0f3b000 r--s 00011000 08:01 1057914    /usr/lib/eclipse/dropins/jdt/plugins/org.eclipse.jdt.core.manipulation_1.4.0.dist.jar
b0f3b000-b0f44000 r--s 00066000 08:01 667798     /usr/share/eclipse/plugins/org.eclipse.search_3.7.0.dist.jar
b0f44000-b0f76000 r--s 00233000 08:01 667731     /usr/share/eclipse/plugins/org.eclipse.debug.ui_3.7.102.dist.jar
b0f76000-b0f81000 r--s 0007f000 08:01 667827     /usr/share/eclipse/plugins/org.eclipse.ui.workbench.texteditor_3.7.0.dist.jar
b0f81000-b0f86000 r--s 00035000 08:01 667804     /usr/share/eclipse/plugins/org.eclipse.text_3.5.101.dist.jar
b0f86000-b0f89000 ---p 00000000 00:00 0 
b0f89000-b0fd7000 rw-p 00000000 00:00 0 
b0fd7000-b1000000 r--s 00440000 08:01 531074     /usr/lib/eclipse/plugins/org.eclipse.jdt.core_3.7.3.dist.jar
b1000000-b1042000 rw-p 00000000 00:00 0 
b1042000-b1100000 ---p 00000000 00:00 0 
b1100000-b1101000 r--s 0000b000 08:01 531077     /usr/lib/eclipse/plugins/org.eclipse.core.net.linux.x86_1.1.200.dist.jar
b1101000-b1102000 rw-p 00000000 00:00 0 
b1102000-b110e000 r--s 0007d000 08:01 667808     /usr/share/eclipse/plugins/org.eclipse.ui.editors_3.7.0.dist.jar
b110e000-b1121000 r--s 000d6000 08:01 667778     /usr/share/eclipse/plugins/org.eclipse.jface.text_3.7.2.dist.jar
b1121000-b11b6000 r--s 008ff000 08:01 1057922    /usr/lib/eclipse/dropins/jdt/plugins/org.eclipse.jdt.ui_3.7.2.dist.jar
b11b6000-b1200000 r--s 003aa000 08:01 1318364    /usr/lib/eclipse/dropins/sdk/plugins/org.eclipse.pde.ui_3.6.100.dist.jar
b1200000-b12fa000 rw-p 00000000 00:00 0 
b12fa000-b1300000 ---p 00000000 00:00 0 
b1300000-b1301000 r--s 0000c000 08:01 1057913    /usr/lib/eclipse/dropins/jdt/plugins/org.eclipse.jdt.compiler.tool_1.0.100.dist.jar
b1301000-b1304000 r--s 00022000 08:01 1057912    /usr/lib/eclipse/dropins/jdt/plugins/org.eclipse.jdt.compiler.apt_1.0.400.dist.jar
b1304000-b130d000 r--s 00056000 08:01 531076     /usr/lib/eclipse/plugins/org.eclipse.ui.navigator_3.5.101.dist.jar
b130d000-b1310000 r--s 00012000 08:01 667826     /usr/share/eclipse/plugins/org.eclipse.ui.views_3.6.0.dist.jar
b1310000-b1314000 r--s 00018000 08:01 667822     /usr/share/eclipse/plugins/org.eclipse.ui.navigator.resources_3.4.300.dist.jar
b1314000-b1320000 r-xp 00000000 08:01 921600     /usr/lib/jni/libswt-cairo-gtk-3740.so
b1320000-b1321000 r--p 0000c000 08:01 921600     /usr/lib/jni/libswt-cairo-gtk-3740.so
b1321000-b1322000 rw-p 0000d000 08:01 921600     /usr/lib/jni/libswt-cairo-gtk-3740.so
b1322000-b1325000 rw-s 00000000 00:04 688147     /SYSV00000000 (deleted)
b1325000-b1327000 r--s 00008000 08:01 1057923    /usr/lib/eclipse/dropins/jdt/plugins/org.eclipse.jdt_3.7.2.dist.jar
b1327000-b1328000 r--s 00002000 08:01 667729     /usr/share/eclipse/plugins/org.eclipse.cvs_1.1.100.dist.jar
b1328000-b1329000 r--s 00002000 08:01 531046     /usr/lib/eclipse/plugins/org.eclipse.rcp_3.7.2.dist.jar
b1329000-b1330000 r--s 0005b000 08:01 531073     /usr/lib/eclipse/plugins/org.eclipse.help.base_3.6.2.dist.jar
b1330000-b1332000 r--s 0000e000 08:01 1318366    /usr/lib/eclipse/dropins/sdk/plugins/org.eclipse.pde_3.7.2.dist.jar
b1332000-b1334000 r--s 00016000 08:01 531049     /usr/lib/eclipse/plugins/org.eclipse.update.configurator_3.3.100.dist.jar
b1334000-b1337000 ---p 00000000 00:00 0 
b1337000-b1385000 rw-p 00000000 00:00 0 
b1385000-b138a000 r--s 00038000 08:01 667777     /usr/share/eclipse/plugins/org.eclipse.help_3.5.100.dist.jar
b138a000-b138e000 r--s 00021000 08:01 1318346    /usr/lib/eclipse/dropins/sdk/plugins/org.eclipse.pde.runtime_3.4.201.dist.jar
b138e000-b1396000 r--s 00046000 08:01 667806     /usr/share/eclipse/plugins/org.eclipse.ui.cheatsheets_3.4.100.dist.jar
b1396000-b13a1000 r--s 0006e000 08:01 667775     /usr/share/eclipse/plugins/org.eclipse.help.ui_3.5.101.dist.jar
b13a1000-b13a6000 r--s 00027000 08:01 667805     /usr/share/eclipse/plugins/org.eclipse.ui.browser_3.3.101.dist.jar
b13a6000-b13a9000 ---p 00000000 00:00 0 
b13a9000-b13f7000 rw-p 00000000 00:00 0 
b13f7000-b13ff000 r--s 0003d000 08:01 531024     /usr/lib/eclipse/plugins/org.eclipse.core.databinding.observable_1.4.0.dist.jar
b13ff000-b1408000 r--s 00037000 08:01 531044     /usr/lib/eclipse/plugins/org.eclipse.jface.databinding_1.5.0.dist.jar
b1408000-b140b000 ---p 00000000 00:00 0 
b140b000-b1459000 rw-p 00000000 00:00 0 
b1459000-b1464000 r--s 000b8000 08:01 531061     /usr/lib/eclipse/plugins/org.eclipse.core.resources_3.7.101.dist.jar
b1464000-b1509000 r--p 00000000 08:01 1448724    /usr/share/fonts/truetype/ttf-dejavu/DejaVuSans-Bold.ttf
b1509000-b1517000 r-xp 00000000 08:01 1049774    /lib/i386-linux-gnu/libudev.so.0.13.0
b1517000-b1518000 r--p 0000e000 08:01 1049774    /lib/i386-linux-gnu/libudev.so.0.13.0
b1518000-b1519000 rw-p 0000f000 08:01 1049774    /lib/i386-linux-gnu/libudev.so.0.13.0
b1519000-b1560000 r-xp 00000000 08:01 1049624    /lib/i386-linux-gnu/libdbus-1.so.3.5.8
b1560000-b1561000 r--p 00047000 08:01 1049624    /lib/i386-linux-gnu/libdbus-1.so.3.5.8
b1561000-b1562000 rw-p 00048000 08:01 1049624    /lib/i386-linux-gnu/libdbus-1.so.3.5.8
b1562000-b1577000 r-xp 00000000 08:01 397017     /usr/lib/i386-linux-gnu/gvfs/libgvfscommon.so
b1577000-b1578000 r--p 00014000 08:01 397017     /usr/lib/i386-linux-gnu/gvfs/libgvfscommon.so
b1578000-b1579000 rw-p 00015000 08:01 397017     /usr/lib/i386-linux-gnu/gvfs/libgvfscommon.so
b1579000-b15a2000 r-xp 00000000 08:01 397817     /usr/lib/i386-linux-gnu/gio/modules/libgvfsdbus.so
b15a2000-b15a3000 r--p 00028000 08:01 397817     /usr/lib/i386-linux-gnu/gio/modules/libgvfsdbus.so
b15a3000-b15a4000 rw-p 00029000 08:01 397817     /usr/lib/i386-linux-gnu/gio/modules/libgvfsdbus.so
b15a4000-b15e8000 r-xp 00000000 08:01 398404     /usr/lib/i386-linux-gnu/libibus-1.0.so.0.401.0
b15e8000-b15e9000 r--p 00043000 08:01 398404     /usr/lib/i386-linux-gnu/libibus-1.0.so.0.401.0
b15e9000-b15ea000 rw-p 00044000 08:01 398404     /usr/lib/i386-linux-gnu/libibus-1.0.so.0.401.0
b15ea000-b15eb000 rw-p 00000000 00:00 0 
b15eb000-b15ed000 r--s 00012000 08:01 531027     /usr/lib/eclipse/plugins/org.eclipse.core.expressions_3.4.300.dist.jar
b15ed000-b15ef000 r--s 00013000 08:01 531022     /usr/lib/eclipse/plugins/org.eclipse.core.contenttype_3.4.100.dist.jar
b15ef000-b15fb000 r-xp 00000000 08:01 921501     /usr/lib/jni/libswt-atk-gtk-3740.so
b15fb000-b15fc000 r--p 0000b000 08:01 921501     /usr/lib/jni/libswt-atk-gtk-3740.so
b15fc000-b15fd000 rw-p 0000c000 08:01 921501     /usr/lib/jni/libswt-atk-gtk-3740.so
b15fd000-b1603000 r-xp 00000000 08:01 393752     /usr/lib/i386-linux-gnu/gtk-2.0/2.10.0/immodules/im-ibus.so
b1603000-b1604000 r--p 00005000 08:01 393752     /usr/lib/i386-linux-gnu/gtk-2.0/2.10.0/immodules/im-ibus.so
b1604000-b1605000 rw-p 00006000 08:01 393752     /usr/lib/i386-linux-gnu/gtk-2.0/2.10.0/immodules/im-ibus.so
b1605000-b162c000 r--s 00208000 08:01 667812     /usr/share/eclipse/plugins/org.eclipse.ui.ide_3.7.0.dist.jar
b162c000-b1630000 r-xp 00000000 08:01 397044     /usr/lib/i386-linux-gnu/gdk-pixbuf-2.0/2.10.0/loaders/libpixbufloader-png.so
b1630000-b1631000 r--p 00003000 08:01 397044     /usr/lib/i386-linux-gnu/gdk-pixbuf-2.0/2.10.0/loaders/libpixbufloader-png.so
b1631000-b1632000 rw-p 00004000 08:01 397044     /usr/lib/i386-linux-gnu/gdk-pixbuf-2.0/2.10.0/loaders/libpixbufloader-png.so
b1632000-b1637000 r-xp 00000000 08:01 396871     /usr/lib/i386-linux-gnu/gdk-pixbuf-2.0/2.10.0/loaders/libpixbufloader-gif.so
b1637000-b1638000 r--p 00005000 08:01 396871     /usr/lib/i386-linux-gnu/gdk-pixbuf-2.0/2.10.0/loaders/libpixbufloader-gif.so
b1638000-b1639000 rw-p 00006000 08:01 396871     /usr/lib/i386-linux-gnu/gdk-pixbuf-2.0/2.10.0/loaders/libpixbufloader-gif.so
b1639000-b163a000 rw-p 00000000 00:00 0 
b163a000-b168c000 r--p 00000000 08:01 1448726    /usr/share/fonts/truetype/ttf-dejavu/DejaVuSansMono.ttf
b168c000-b16e3000 r--p 00000000 08:01 1451900    /usr/share/fonts/truetype/ubuntu-font-family/Ubuntu-R.ttf
b16e3000-b16e5000 r-xp 00000000 08:01 397963     /usr/lib/i386-linux-gnu/pango/1.6.0/modules/pango-basic-fc.so
b16e5000-b16e6000 r--p 00001000 08:01 397963     /usr/lib/i386-linux-gnu/pango/1.6.0/modules/pango-basic-fc.so
b16e6000-b16e7000 rw-p 00002000 08:01 397963     /usr/lib/i386-linux-gnu/pango/1.6.0/modules/pango-basic-fc.so
b16e7000-b16e8000 r--s 00000000 08:01 3540795    /var/cache/fontconfig/c05880de57d1f5e948fdfacc138775d9-le32d4.cache-3
b16e8000-b16ee000 r--s 00000000 08:01 3540789    /var/cache/fontconfig/945677eb7aeaf62f1d50efc3fb3ec7d8-le32d4.cache-3
b16ee000-b16f0000 r--s 00000000 08:01 3540779    /var/cache/fontconfig/99e8ed0e538f840c565b6ed5dad60d56-le32d4.cache-3
b16f0000-b16f6000 r--s 00000000 08:01 3540777    /var/cache/fontconfig/a6d8cf8e4ec09cdbc8633c31745a07dd-le32d4.cache-3
b16f6000-b16f9000 r--s 00000000 08:01 3540770    /var/cache/fontconfig/2cd17615ca594fa2959ae173292e504c-le32d4.cache-3
b16f9000-b16fa000 r--s 00000000 08:01 3540614    /var/cache/fontconfig/e7071f4a29fa870f4323321c154eba04-le32d4.cache-3
b16fa000-b16fb000 r--s 00000000 08:01 3540611    /var/cache/fontconfig/0d8c3b2ac0904cb8a57a757ad11a4a08-le32d4.cache-3
b16fb000-b16ff000 r--s 00000000 08:01 3540571    /var/cache/fontconfig/a755afe4a08bf5b97852ceb7400b47bc-le32d4.cache-3
b16ff000-b1706000 r--s 00000000 08:01 3540558    /var/cache/fontconfig/6d41288fd70b0be22e8c3a91e032eec0-le32d4.cache-3
b1706000-b1711000 r--s 00000000 08:01 3540550    /var/cache/fontconfig/04aabc0a78ac019cf9454389977116d2-le32d4.cache-3
b1711000-b1714000 r--s 00000000 08:01 3540530    /var/cache/fontconfig/385c0604a188198f04d133e54aba7fe7-le32d4.cache-3
b1714000-b1715000 r--s 00000000 08:01 3540507    /var/cache/fontconfig/4794a0821666d79190d59a36cb4f44b5-le32d4.cache-3
b1715000-b1718000 r--s 00000000 08:01 3540505    /var/cache/fontconfig/8801497958630a81b71ace7c5f9b32a8-le32d4.cache-3
b1718000-b1725000 r--s 00000000 08:01 3540390    /var/cache/fontconfig/d52a8644073d54c13679302ca1180695-le32d4.cache-3
b1725000-b172a000 r-xp 00000000 08:01 395397     /usr/lib/i386-linux-gnu/libXtst.so.6.1.0
b172a000-b172b000 r--p 00004000 08:01 395397     /usr/lib/i386-linux-gnu/libXtst.so.6.1.0
b172b000-b172c000 rw-p 00005000 08:01 395397     /usr/lib/i386-linux-gnu/libXtst.so.6.1.0
b172c000-b172d000 r-xp 00000000 08:01 393579     /usr/lib/i386-linux-gnu/libgthread-2.0.so.0.3200.3
b172d000-b172e000 r--p 00000000 08:01 393579     /usr/lib/i386-linux-gnu/libgthread-2.0.so.0.3200.3
b172e000-b172f000 rw-p 00001000 08:01 393579     /usr/lib/i386-linux-gnu/libgthread-2.0.so.0.3200.3
b172f000-b1733000 r--s 00000000 08:01 3540495    /var/cache/fontconfig/3047814df9a2f067bd2d96a2b9c36e5a-le32d4.cache-3
b1733000-b1734000 r--s 00000000 08:01 3540483    /var/cache/fontconfig/56cf4f4769d0f4abc89a4895d7bd3ae1-le32d4.cache-3
b1734000-b1735000 r--s 00000000 08:01 3540429    /var/cache/fontconfig/b9d506c9ac06c20b433354fa67a72993-le32d4.cache-3
b1735000-b1739000 r--s 00000000 08:01 3540417    /var/cache/fontconfig/b47c4e1ecd0709278f4910c18777a504-le32d4.cache-3
b1739000-b173b000 r--s 00000000 08:01 3540330    /var/cache/fontconfig/e13b20fdb08344e0e664864cc2ede53d-le32d4.cache-3
b173b000-b173e000 r--s 00000000 08:01 3540383    /var/cache/fontconfig/7ef2298fde41cc6eeb7af42e48b7d293-le32d4.cache-3
b173e000-b1742000 rwxp 00000000 00:00 0 
b1742000-b17b9000 r-xp 00000000 08:01 921504     /usr/lib/jni/libswt-pi-gtk-3740.so
b17b9000-b17ba000 r--p 00077000 08:01 921504     /usr/lib/jni/libswt-pi-gtk-3740.so
b17ba000-b17bc000 rw-p 00078000 08:01 921504     /usr/lib/jni/libswt-pi-gtk-3740.so
b17bc000-b17bd000 rw-p 00000000 00:00 0 
b17bd000-b17c1000 r--s 00015000 08:01 531021     /usr/lib/eclipse/plugins/org.eclipse.core.commands_3.6.0.dist.jar
b17c1000-b17c5000 r--s 0001e000 08:01 531048     /usr/lib/eclipse/plugins/org.eclipse.ui_3.7.0.dist.jar
b17c5000-b1801000 r--s 005fe000 08:01 795847     /usr/share/java/com.ibm.icu-4.4.jar
b1801000-b1848000 r--s 0039a000 08:01 531047     /usr/lib/eclipse/plugins/org.eclipse.ui.workbench_3.7.1.dist.jar
b1848000-b184b000 ---p 00000000 00:00 0 
b184b000-b1899000 rw-p 00000000 00:00 0 
b1899000-b189c000 ---p 00000000 00:00 0 
b189c000-b18ea000 rw-p 00000000 00:00 0 
b18ea000-b18ed000 ---p 00000000 00:00 0 
b18ed000-b193b000 rw-p 00000000 00:00 0 
b193b000-b193e000 ---p 00000000 00:00 0 
b193e000-b198c000 rw-p 00000000 00:00 0 
b198c000-b198f000 ---p 00000000 00:00 0 
b198f000-b19dd000 rw-p 00000000 00:00 0 
b19dd000-b19e0000 ---p 00000000 00:00 0 
b19e0000-b1a2e000 rw-p 00000000 00:00 0 
b1a2e000-b1a31000 ---p 00000000 00:00 0 
b1a31000-b1a7f000 rw-p 00000000 00:00 0 
b1a7f000-b1a80000 ---p 00000000 00:00 0 
b1a80000-b1b00000 rw-p 00000000 00:00 0 
b1b00000-b1c00000 rw-p 00000000 00:00 0 
b1c00000-b1c2c000 rw-p 00000000 00:00 0 
b1c2c000-b1d00000 ---p 00000000 00:00 0 
b1d00000-b1d04000 r-xp 00000000 08:01 921503     /usr/lib/jni/libswt-gtk-3740.so
b1d04000-b1d05000 r--p 00003000 08:01 921503     /usr/lib/jni/libswt-gtk-3740.so
b1d05000-b1d06000 rw-p 00004000 08:01 921503     /usr/lib/jni/libswt-gtk-3740.so
b1d06000-b1d07000 rw-p 00000000 00:00 0 
b1d07000-b1d1b000 r--s 0018b000 08:01 921521     /usr/lib/java/swt-gtk-3.7.2.jar
b1d1b000-b1d2f000 r--s 000eb000 08:01 531045     /usr/lib/eclipse/plugins/org.eclipse.jface_3.7.0.dist.jar
b1d2f000-b1d30000 r--s 00000000 08:01 921247     /usr/share/eclipse/plugins/org.eclipse.ui.workbench.compatibility_3.2.100.dist/compatibility.jar
b1d30000-b1d32000 r--s 0000d000 08:01 667811     /usr/share/eclipse/plugins/org.eclipse.ui.ide.application_1.0.300.dist.jar
b1d32000-b1d33000 r--s 00006000 08:01 667753     /usr/share/eclipse/plugins/org.eclipse.equinox.p2.directorywatcher_1.0.300.dist.jar
b1d33000-b1d35000 r--s 0000e000 08:01 667751     /usr/share/eclipse/plugins/org.eclipse.equinox.p2.core_2.1.1.dist.jar
b1d35000-b1d38000 r--s 00013000 08:01 667727     /usr/share/eclipse/plugins/org.eclipse.core.runtime.compatibility_3.2.100.dist.jar
b1d38000-b1d3a000 r--s 00012000 08:01 531031     /usr/lib/eclipse/plugins/org.eclipse.equinox.app_1.3.100.dist.jar
b1d3a000-b1d3c000 r--s 00013000 08:01 531028     /usr/lib/eclipse/plugins/org.eclipse.core.jobs_3.5.101.dist.jar
b1d3c000-b1d3f000 r--s 00018000 08:01 531040     /usr/lib/eclipse/plugins/org.eclipse.equinox.preferences_3.4.2.dist.jar
b1d3f000-b1d40000 r--s 00004000 08:01 531029     /usr/lib/eclipse/plugins/org.eclipse.core.runtime.compatibility.auth_3.2.200.dist.jar
b1d40000-b1d41000 r--s 00001000 08:01 667726     /usr/share/eclipse/plugins/org.eclipse.core.runtime.compatibility.registry_3.5.0.dist/runtime_registry_compatibility.jar
b1d41000-b1d44000 r--s 00028000 08:01 531041     /usr/lib/eclipse/plugins/org.eclipse.equinox.registry_3.5.101.dist.jar
b1d44000-b1d46000 r--s 0000f000 08:01 531030     /usr/lib/eclipse/plugins/org.eclipse.core.runtime_3.7.0.dist.jar
b1d46000-b1d4a000 r--s 0000d000 08:01 531014     /usr/lib/eclipse/plugins/org.eclipse.osgi.services_3.3.0.dist.jar
b1d4a000-b1d52000 r-xp 00000000 08:01 399711     /usr/lib/jvm/java-6-openjdk-i386/jre/lib/i386/libnio.so
b1d52000-b1d53000 r--p 00007000 08:01 399711     /usr/lib/jvm/java-6-openjdk-i386/jre/lib/i386/libnio.so
b1d53000-b1d54000 rw-p 00008000 08:01 399711     /usr/lib/jvm/java-6-openjdk-i386/jre/lib/i386/libnio.so
b1d54000-b1d69000 r-xp 00000000 08:01 399725     /usr/lib/jvm/java-6-openjdk-i386/jre/lib/i386/libnet.so
b1d69000-b1d6a000 r--p 00014000 08:01 399725     /usr/lib/jvm/java-6-openjdk-i386/jre/lib/i386/libnet.so
b1d6a000-b1d6b000 rw-p 00015000 08:01 399725     /usr/lib/jvm/java-6-openjdk-i386/jre/lib/i386/libnet.so
b1d6b000-b1d7f000 r--s 00136000 08:01 531016     /usr/lib/eclipse/plugins/org.eclipse.osgi_3.7.2.dist.jar
b1d7f000-b1d82000 ---p 00000000 00:00 0 
b1d82000-b1e00000 rw-p 00000000 00:00 0 
b1e00000-b1e21000 rw-p 00000000 00:00 0 
b1e21000-b1f00000 ---p 00000000 00:00 0 
b1f00000-b1fc6000 rw-p 00000000 00:00 0 
b1fc6000-b2000000 ---p 00000000 00:00 0 
b2000000-b2003000 r--s 0000f000 08:01 531043     /usr/lib/eclipse/plugins/org.eclipse.equinox.util_1.0.300.dist.jar
b2003000-b2006000 r--s 0002b000 08:01 531033     /usr/lib/eclipse/plugins/org.eclipse.equinox.ds_1.3.1.dist.jar
b2006000-b200d000 r--s 000fb000 08:01 399701     /usr/lib/jvm/java-6-openjdk-common/jre/lib/resources.jar
b200d000-b2010000 ---p 00000000 00:00 0 
b2010000-b205e000 rw-p 00000000 00:00 0 
b205e000-b2061000 ---p 00000000 00:00 0 
b2061000-b20af000 rw-p 00000000 00:00 0 
b20af000-b20b2000 ---p 00000000 00:00 0 
b20b2000-b2100000 rw-p 00000000 00:00 0 
b2100000-b21c5000 rw-p 00000000 00:00 0 
b21c5000-b2200000 ---p 00000000 00:00 0 
b2200000-b2201000 r--s 0000a000 08:01 667760     /usr/share/eclipse/plugins/org.eclipse.equinox.p2.reconciler.dropins_1.1.100.dist.jar
b2201000-b2204000 r--s 00016000 08:01 531032     /usr/lib/eclipse/plugins/org.eclipse.equinox.common_3.6.0.dist.jar
b2204000-b2206000 r--s 00008000 08:01 531042     /usr/lib/eclipse/plugins/org.eclipse.equinox.simpleconfigurator_1.0.200.dist.jar
b2206000-b2208000 r--s 0000f000 08:01 399696     /usr/lib/jvm/java-6-openjdk-common/jre/lib/ext/pulse-java.jar
b2208000-b220a000 r--s 00001000 08:01 399698     /usr/lib/jvm/java-6-openjdk-common/jre/lib/ext/dnsns.jar
b220a000-b220d000 r--s 00031000 08:01 399695     /usr/lib/jvm/java-6-openjdk-common/jre/lib/ext/sunjce_provider.jar
b220d000-b2211000 r--s 00038000 08:01 399697     /usr/lib/jvm/java-6-openjdk-common/jre/lib/ext/sunpkcs11.jar
b2211000-b2214000 ---p 00000000 00:00 0 
b2214000-b2262000 rw-p 00000000 00:00 0 
b2262000-b2263000 ---p 00000000 00:00 0 
b2263000-b2316000 rw-p 00000000 00:00 0 
b2316000-b24a8000 r--s 037c2000 08:01 399704     /usr/lib/jvm/java-6-openjdk-i386/jre/lib/rt.jar
b24a8000-b24c3000 rw-p 00000000 00:00 0 
b24c3000-b2536000 rw-p 00000000 00:00 0 
b2536000-b2544000 rw-p 00000000 00:00 0 
b2544000-b25b7000 rw-p 00000000 00:00 0 
b25b7000-b25be000 rw-p 00000000 00:00 0 
b25be000-b25f7000 rw-p 00000000 00:00 0 
b25f7000-b2605000 rw-p 00000000 00:00 0 
b2605000-b2677000 rw-p 00000000 00:00 0 
b2677000-b2685000 rw-p 00000000 00:00 0 
b2685000-b26f7000 rw-p 00000000 00:00 0 
b26f7000-b270d000 rw-p 00000000 00:00 0 
b270d000-b2783000 rw-p 00000000 00:00 0 
b2783000-b29cb000 rwxp 00000000 00:00 0 
b29cb000-b4783000 rw-p 00000000 00:00 0 
b4783000-b47a9000 r-xp 00000000 08:01 399708     /usr/lib/jvm/java-6-openjdk-i386/jre/lib/i386/libjava.so
b47a9000-b47aa000 r--p 00025000 08:01 399708     /usr/lib/jvm/java-6-openjdk-i386/jre/lib/i386/libjava.so
b47aa000-b47ac000 rw-p 00026000 08:01 399708     /usr/lib/jvm/java-6-openjdk-i386/jre/lib/i386/libjava.so
b47ac000-b47c8000 r-xp 00000000 08:01 1053251    /lib/i386-linux-gnu/libgcc_s.so.1
b47c8000-b47c9000 r--p 0001b000 08:01 1053251    /lib/i386-linux-gnu/libgcc_s.so.1
b47c9000-b47ca000 rw-p 0001c000 08:01 1053251    /lib/i386-linux-gnu/libgcc_s.so.1
b47ca000-b48a2000 r-xp 00000000 08:01 393569     /usr/lib/i386-linux-gnu/libstdc++.so.6.0.16
b48a2000-b48a3000 ---p 000d8000 08:01 393569     /usr/lib/i386-linux-gnu/libstdc++.so.6.0.16
b48a3000-b48a7000 r--p 000d8000 08:01 393569     /usr/lib/i386-linux-gnu/libstdc++.so.6.0.16
b48a7000-b48a8000 rw-p 000dc000 08:01 393569     /usr/lib/i386-linux-gnu/libstdc++.so.6.0.16
b48a8000-b48af000 rw-p 00000000 00:00 0 
b48af000-b4dc3000 r-xp 00000000 08:01 399716     /usr/lib/jvm/java-6-openjdk-i386/jre/lib/i386/client/libjvm.so
b4dc3000-b4dc4000 ---p 00514000 08:01 399716     /usr/lib/jvm/java-6-openjdk-i386/jre/lib/i386/client/libjvm.so
b4dc4000-b4ddb000 r--p 00514000 08:01 399716     /usr/lib/jvm/java-6-openjdk-i386/jre/lib/i386/client/libjvm.so
b4ddb000-b4de8000 rw-p 0052b000 08:01 399716     /usr/lib/jvm/java-6-openjdk-i386/jre/lib/i386/client/libjvm.so
b4de8000-b5200000 rw-p 00000000 00:00 0 
b5200000-b5221000 rw-p 00000000 00:00 0 
b5221000-b5300000 ---p 00000000 00:00 0 
b5300000-b5301000 r--s 00006000 08:01 667741     /usr/share/eclipse/plugins/org.eclipse.equinox.event_1.2.100.dist.jar
b5301000-b5302000 r--s 0000a000 08:01 531038     /usr/lib/eclipse/plugins/org.eclipse.equinox.launcher_1.2.0.dist.jar
b5302000-b5305000 r--s 00077000 08:01 399700     /usr/lib/jvm/java-6-openjdk-common/jre/lib/ext/localedata.jar
b5305000-b5365000 rw-s 00000000 00:04 557071     /SYSV00000000 (deleted)
b5365000-b53c8000 rw-p 00000000 00:00 0 
b53c8000-b53fd000 r-xp 00000000 08:01 393268     /usr/lib/i386-linux-gnu/gtk-2.0/2.10.0/engines/libmurrine.so
b53fd000-b53fe000 r--p 00034000 08:01 393268     /usr/lib/i386-linux-gnu/gtk-2.0/2.10.0/engines/libmurrine.so
b53fe000-b53ff000 rw-p 00035000 08:01 393268     /usr/lib/i386-linux-gnu/gtk-2.0/2.10.0/engines/libmurrine.so
b53ff000-b5400000 ---p 00000000 00:00 0 
b5400000-b5c00000 rw-p 00000000 00:00 0 
b5c00000-b5c21000 rw-p 00000000 00:00 0 
b5c21000-b5d00000 ---p 00000000 00:00 0 
b5d00000-b5d01000 r--s 00007000 08:01 787657     /usr/share/java/java-atk-wrapper.jar
b5d01000-b5d08000 r-xp 00000000 08:01 399709     /usr/lib/jvm/java-6-openjdk-i386/jre/lib/i386/libzip.so
b5d08000-b5d09000 r--p 00006000 08:01 399709     /usr/lib/jvm/java-6-openjdk-i386/jre/lib/i386/libzip.so
b5d09000-b5d0a000 rw-p 00007000 08:01 399709     /usr/lib/jvm/java-6-openjdk-i386/jre/lib/i386/libzip.so
b5d0a000-b5d12000 rw-s 00000000 08:01 3150036    /tmp/hsperfdata_rpathare/6800
b5d12000-b5d13000 rw-p 00000000 00:00 0 
b5d13000-b5d2f000 r--s 00000000 08:01 791811     /usr/share/mime/mime.cache
b5d2f000-b5d35000 r-xp 00000000 08:01 398652     /usr/lib/i386-linux-gnu/libogg.so.0.7.1
b5d35000-b5d36000 r--p 00005000 08:01 398652     /usr/lib/i386-linux-gnu/libogg.so.0.7.1
b5d36000-b5d37000 rw-p 00006000 08:01 398652     /usr/lib/i386-linux-gnu/libogg.so.0.7.1
b5d37000-b5d60000 r-xp 00000000 08:01 395409     /usr/lib/i386-linux-gnu/libvorbis.so.0.4.5
b5d60000-b5d61000 r--p 00028000 08:01 395409     /usr/lib/i386-linux-gnu/libvorbis.so.0.4.5
b5d61000-b5d62000 rw-p 00029000 08:01 395409     /usr/lib/i386-linux-gnu/libvorbis.so.0.4.5
b5d62000-b5d6a000 r-xp 00000000 08:01 395561     /usr/lib/i386-linux-gnu/libltdl.so.7.3.0
b5d6a000-b5d6b000 r--p 00008000 08:01 395561     /usr/lib/i386-linux-gnu/libltdl.so.7.3.0
b5d6b000-b5d6c000 rw-p 00009000 08:01 395561     /usr/lib/i386-linux-gnu/libltdl.so.7.3.0
b5d6c000-b5d7d000 r-xp 00000000 08:01 395018     /usr/lib/i386-linux-gnu/libtdb.so.1.2.9
b5d7d000-b5d7e000 r--p 00010000 08:01 395018     /usr/lib/i386-linux-gnu/libtdb.so.1.2.9
b5d7e000-b5d7f000 rw-p 00011000 08:01 395018     /usr/lib/i386-linux-gnu/libtdb.so.1.2.9
b5d7f000-b5d87000 r-xp 00000000 08:01 395411     /usr/lib/i386-linux-gnu/libvorbisfile.so.3.3.4
b5d87000-b5d88000 r--p 00007000 08:01 395411     /usr/lib/i386-linux-gnu/libvorbisfile.so.3.3.4
b5d88000-b5d89000 rw-p 00008000 08:01 395411     /usr/lib/i386-linux-gnu/libvorbisfile.so.3.3.4
b5d89000-b5d98000 r-xp 00000000 08:01 394007     /usr/lib/i386-linux-gnu/libcanberra.so.0.2.5
b5d98000-b5d99000 r--p 0000e000 08:01 394007     /usr/lib/i386-linux-gnu/libcanberra.so.0.2.5
b5d99000-b5d9a000 rw-p 0000f000 08:01 394007     /usr/lib/i386-linux-gnu/libcanberra.so.0.2.5
b5d9a000-b5d9e000 r-xp 00000000 08:01 394009     /usr/lib/i386-linux-gnu/libcanberra-gtk.so.0.1.8
b5d9e000-b5d9f000 r--p 00003000 08:01 394009     /usr/lib/i386-linux-gnu/libcanberra-gtk.so.0.1.8
b5d9f000-b5da0000 rw-p 00004000 08:01 394009     /usr/lib/i386-linux-gnu/libcanberra-gtk.so.0.1.8
b5da0000-b5dab000 r-xp 00000000 08:01 399740     /usr/lib/jvm/java-6-openjdk-i386/jre/lib/i386/libverify.so
b5dab000-b5dac000 ---p 0000b000 08:01 399740     /usr/lib/jvm/java-6-openjdk-i386/jre/lib/i386/libverify.so
b5dac000-b5dad000 r--p 0000b000 08:01 399740     /usr/lib/jvm/java-6-openjdk-i386/jre/lib/i386/libverify.so
b5dad000-b5dae000 rw-p 0000c000 08:01 399740     /usr/lib/jvm/java-6-openjdk-i386/jre/lib/i386/libverify.so
b5dae000-b5db1000 r-xp 00000000 08:01 396869     /usr/lib/i386-linux-gnu/gdk-pixbuf-2.0/2.10.0/loaders/libpixbufloader-bmp.so
b5db1000-b5db2000 r--p 00002000 08:01 396869     /usr/lib/i386-linux-gnu/gdk-pixbuf-2.0/2.10.0/loaders/libpixbufloader-bmp.so
b5db2000-b5db3000 rw-p 00003000 08:01 396869     /usr/lib/i386-linux-gnu/gdk-pixbuf-2.0/2.10.0/loaders/libpixbufloader-bmp.so
b5db3000-b5db8000 r-xp 00000000 08:01 397245     /usr/lib/i386-linux-gnu/gtk-2.0/modules/libcanberra-gtk-module.so
b5db8000-b5db9000 r--p 00004000 08:01 397245     /usr/lib/i386-linux-gnu/gtk-2.0/modules/libcanberra-gtk-module.so
b5db9000-b5dba000 rw-p 00005000 08:01 397245     /usr/lib/i386-linux-gnu/gtk-2.0/modules/libcanberra-gtk-module.so
b5dba000-b5dbb000 ---p 00000000 00:00 0 
b5dbb000-b65bb000 rw-p 00000000 00:00 0 
b65bb000-b65c2000 r-xp 00000000 08:01 393540     /usr/lib/i386-linux-gnu/gio/modules/libdconfsettings.so
b65c2000-b65c3000 r--p 00006000 08:01 393540     /usr/lib/i386-linux-gnu/gio/modules/libdconfsettings.so
b65c3000-b65c4000 rw-p 00007000 08:01 393540     /usr/lib/i386-linux-gnu/gio/modules/libdconfsettings.so
b65c4000-b65e9000 r--p 00000000 08:01 1443037    /usr/share/glib-2.0/schemas/gschemas.compiled
b65e9000-b65f4000 r-xp 00000000 08:01 1049755    /lib/i386-linux-gnu/libnss_files-2.15.so
b65f4000-b65f5000 r--p 0000a000 08:01 1049755    /lib/i386-linux-gnu/libnss_files-2.15.so
b65f5000-b65f6000 rw-p 0000b000 08:01 1049755    /lib/i386-linux-gnu/libnss_files-2.15.so
b65f6000-b6600000 r-xp 00000000 08:01 1049759    /lib/i386-linux-gnu/libnss_nis-2.15.so
b6600000-b6601000 r--p 00009000 08:01 1049759    /lib/i386-linux-gnu/libnss_nis-2.15.so
b6601000-b6602000 rw-p 0000a000 08:01 1049759    /lib/i386-linux-gnu/libnss_nis-2.15.so
b6602000-b6618000 r-xp 00000000 08:01 1049771    /lib/i386-linux-gnu/libnsl-2.15.so
b6618000-b6619000 r--p 00015000 08:01 1049771    /lib/i386-linux-gnu/libnsl-2.15.so
b6619000-b661a000 rw-p 00016000 08:01 1049771    /lib/i386-linux-gnu/libnsl-2.15.so
b661a000-b661c000 rw-p 00000000 00:00 0 
b661c000-b6623000 r-xp 00000000 08:01 1049753    /lib/i386-linux-gnu/libnss_compat-2.15.so
b6623000-b6624000 r--p 00006000 08:01 1049753    /lib/i386-linux-gnu/libnss_compat-2.15.so
b6624000-b6625000 rw-p 00007000 08:01 1049753    /lib/i386-linux-gnu/libnss_compat-2.15.so
b6625000-b6642000 r-xp 00000000 08:01 393394     /usr/lib/i386-linux-gnu/libatk-1.0.so.0.20409.1
b6642000-b6644000 r--p 0001c000 08:01 393394     /usr/lib/i386-linux-gnu/libatk-1.0.so.0.20409.1
b6644000-b6645000 rw-p 0001e000 08:01 393394     /usr/lib/i386-linux-gnu/libatk-1.0.so.0.20409.1
b6645000-b6aa5000 r-xp 00000000 08:01 398557     /usr/lib/i386-linux-gnu/libgtk-x11-2.0.so.0.2400.10
b6aa5000-b6aa9000 r--p 00460000 08:01 398557     /usr/lib/i386-linux-gnu/libgtk-x11-2.0.so.0.2400.10
b6aa9000-b6aab000 rw-p 00464000 08:01 398557     /usr/lib/i386-linux-gnu/libgtk-x11-2.0.so.0.2400.10
b6aab000-b6aad000 rw-p 00000000 00:00 0 
b6aad000-b6ab2000 r-xp 00000000 08:01 394337     /usr/lib/i386-linux-gnu/libXdmcp.so.6.0.0
b6ab2000-b6ab3000 r--p 00004000 08:01 394337     /usr/lib/i386-linux-gnu/libXdmcp.so.6.0.0
b6ab3000-b6ab4000 rw-p 00005000 08:01 394337     /usr/lib/i386-linux-gnu/libXdmcp.so.6.0.0
b6ab4000-b6ab6000 r-xp 00000000 08:01 394324     /usr/lib/i386-linux-gnu/libXau.so.6.0.0
b6ab6000-b6ab7000 r--p 00001000 08:01 394324     /usr/lib/i386-linux-gnu/libXau.so.6.0.0
b6ab7000-b6ab8000 rw-p 00002000 08:01 394324     /usr/lib/i386-linux-gnu/libXau.so.6.0.0
b6ab8000-b6ad7000 r-xp 00000000 08:01 395010     /usr/lib/i386-linux-gnu/libxcb.so.1.1.0
b6ad7000-b6ad8000 r--p 0001f000 08:01 395010     /usr/lib/i386-linux-gnu/libxcb.so.1.1.0
b6ad8000-b6ad9000 rw-p 00020000 08:01 395010     /usr/lib/i386-linux-gnu/libxcb.so.1.1.0
b6ad9000-b6ae1000 r-xp 00000000 08:01 397656     /usr/lib/i386-linux-gnu/libxcb-render.so.0.0.0
b6ae1000-b6ae2000 r--p 00008000 08:01 397656     /usr/lib/i386-linux-gnu/libxcb-render.so.0.0.0
b6ae2000-b6ae3000 rw-p 00009000 08:01 397656     /usr/lib/i386-linux-gnu/libxcb-render.so.0.0.0
b6ae3000-b6ae5000 r-xp 00000000 08:01 394895     /usr/lib/i386-linux-gnu/libxcb-shm.so.0.0.0
b6ae5000-b6ae6000 r--p 00001000 08:01 394895     /usr/lib/i386-linux-gnu/libxcb-shm.so.0.0.0
b6ae6000-b6ae7000 rw-p 00002000 08:01 394895     /usr/lib/i386-linux-gnu/libxcb-shm.so.0.0.0
b6ae7000-b6b0f000 r-xp 00000000 08:01 1049524    /lib/i386-linux-gnu/libpng12.so.0.46.0
b6b0f000-b6b10000 r--p 00027000 08:01 1049524    /lib/i386-linux-gnu/libpng12.so.0.46.0
b6b10000-b6b11000 rw-p 00028000 08:01 1049524    /lib/i386-linux-gnu/libpng12.so.0.46.0
b6b11000-b6ba4000 r-xp 00000000 08:01 394165     /usr/lib/i386-linux-gnu/libpixman-1.so.0.24.4
b6ba4000-b6ba8000 r--p 00092000 08:01 394165     /usr/lib/i386-linux-gnu/libpixman-1.so.0.24.4
b6ba8000-b6ba9000 rw-p 00096000 08:01 394165     /usr/lib/i386-linux-gnu/libpixman-1.so.0.24.4
b6ba9000-b6bcf000 r-xp 00000000 08:01 1049612    /lib/i386-linux-gnu/libexpat.so.1.5.2
b6bcf000-b6bd0000 ---p 00026000 08:01 1049612    /lib/i386-linux-gnu/libexpat.so.1.5.2
b6bd0000-b6bd2000 r--p 00026000 08:01 1049612    /lib/i386-linux-gnu/libexpat.so.1.5.2
b6bd2000-b6bd3000 rw-p 00028000 08:01 1049612    /lib/i386-linux-gnu/libexpat.so.1.5.2
b6bd3000-b6be6000 r-xp 00000000 08:01 1049756    /lib/i386-linux-gnu/libresolv-2.15.so
b6be6000-b6be7000 ---p 00013000 08:01 1049756    /lib/i386-linux-gnu/libresolv-2.15.so
b6be7000-b6be8000 r--p 00013000 08:01 1049756    /lib/i386-linux-gnu/libresolv-2.15.so
b6be8000-b6be9000 rw-p 00014000 08:01 1049756    /lib/i386-linux-gnu/libresolv-2.15.so
b6be9000-b6beb000 rw-p 00000000 00:00 0 
b6beb000-b6c08000 r-xp 00000000 08:01 1049498    /lib/i386-linux-gnu/libselinux.so.1
b6c08000-b6c09000 r--p 0001c000 08:01 1049498    /lib/i386-linux-gnu/libselinux.so.1
b6c09000-b6c0a000 rw-p 0001d000 08:01 1049498    /lib/i386-linux-gnu/libselinux.so.1
b6c0a000-b6c1e000 r-xp 00000000 08:01 1053051    /lib/i386-linux-gnu/libz.so.1.2.3.4
b6c1e000-b6c1f000 r--p 00013000 08:01 1053051    /lib/i386-linux-gnu/libz.so.1.2.3.4
b6c1f000-b6c20000 rw-p 00014000 08:01 1053051    /lib/i386-linux-gnu/libz.so.1.2.3.4
b6c20000-b6c23000 r-xp 00000000 08:01 393657     /usr/lib/i386-linux-gnu/libgmodule-2.0.so.0.3200.3
b6c23000-b6c24000 r--p 00002000 08:01 393657     /usr/lib/i386-linux-gnu/libgmodule-2.0.so.0.3200.3
b6c24000-b6c25000 rw-p 00003000 08:01 393657     /usr/lib/i386-linux-gnu/libgmodule-2.0.so.0.3200.3
b6c25000-b6cba000 r-xp 00000000 08:01 395322     /usr/lib/i386-linux-gnu/libfreetype.so.6.8.0
b6cba000-b6cbe000 r--p 00094000 08:01 395322     /usr/lib/i386-linux-gnu/libfreetype.so.6.8.0
b6cbe000-b6cbf000 rw-p 00098000 08:01 395322     /usr/lib/i386-linux-gnu/libfreetype.so.6.8.0
b6cbf000-b6ce9000 r-xp 00000000 08:01 395247     /usr/lib/i386-linux-gnu/libpangoft2-1.0.so.0.3000.0
b6ce9000-b6cea000 r--p 00029000 08:01 395247     /usr/lib/i386-linux-gnu/libpangoft2-1.0.so.0.3000.0
b6cea000-b6ceb000 rw-p 0002a000 08:01 395247     /usr/lib/i386-linux-gnu/libpangoft2-1.0.so.0.3000.0
b6ceb000-b6d15000 r-xp 00000000 08:01 1049762    /lib/i386-linux-gnu/libm-2.15.so
b6d15000-b6d16000 r--p 00029000 08:01 1049762    /lib/i386-linux-gnu/libm-2.15.so
b6d16000-b6d17000 rw-p 0002a000 08:01 1049762    /lib/i386-linux-gnu/libm-2.15.so
b6d17000-b6e47000 r-xp 00000000 08:01 398568     /usr/lib/i386-linux-gnu/libX11.so.6.3.0
b6e47000-b6e48000 r--p 0012f000 08:01 398568     /usr/lib/i386-linux-gnu/libX11.so.6.3.0
b6e48000-b6e4a000 rw-p 00130000 08:01 398568     /usr/lib/i386-linux-gnu/libX11.so.6.3.0
b6e4a000-b6e4b000 rw-p 00000000 00:00 0 
b6e4b000-b6f12000 r-xp 00000000 08:01 394900     /usr/lib/i386-linux-gnu/libcairo.so.2.11000.2
b6f12000-b6f13000 r--p 000c7000 08:01 394900     /usr/lib/i386-linux-gnu/libcairo.so.2.11000.2
b6f13000-b6f14000 rw-p 000c8000 08:01 394900     /usr/lib/i386-linux-gnu/libcairo.so.2.11000.2
b6f14000-b6f16000 rw-p 00000000 00:00 0 
b6f16000-b6f1a000 r-xp 00000000 08:01 394024     /usr/lib/i386-linux-gnu/libXfixes.so.3.1.0
b6f1a000-b6f1b000 r--p 00004000 08:01 394024     /usr/lib/i386-linux-gnu/libXfixes.so.3.1.0
b6f1b000-b6f1c000 rw-p 00005000 08:01 394024     /usr/lib/i386-linux-gnu/libXfixes.so.3.1.0
b6f1c000-b6f1e000 r-xp 00000000 08:01 398453     /usr/lib/i386-linux-gnu/libXdamage.so.1.1.0
b6f1e000-b6f1f000 r--p 00001000 08:01 398453     /usr/lib/i386-linux-gnu/libXdamage.so.1.1.0
b6f1f000-b6f20000 rw-p 00002000 08:01 398453     /usr/lib/i386-linux-gnu/libXdamage.so.1.1.0
b6f20000-b6f22000 r-xp 00000000 08:01 398563     /usr/lib/i386-linux-gnu/libXcomposite.so.1.0.0
b6f22000-b6f23000 r--p 00001000 08:01 398563     /usr/lib/i386-linux-gnu/libXcomposite.so.1.0.0
b6f23000-b6f24000 rw-p 00002000 08:01 398563     /usr/lib/i386-linux-gnu/libXcomposite.so.1.0.0
b6f24000-b6f2d000 r-xp 00000000 08:01 398456     /usr/lib/i386-linux-gnu/libXcursor.so.1.0.2
b6f2d000-b6f2e000 r--p 00008000 08:01 398456     /usr/lib/i386-linux-gnu/libXcursor.so.1.0.2
b6f2e000-b6f2f000 rw-p 00009000 08:01 398456     /usr/lib/i386-linux-gnu/libXcursor.so.1.0.2
b6f2f000-b6f36000 r-xp 00000000 08:01 398472     /usr/lib/i386-linux-gnu/libXrandr.so.2.2.0
b6f36000-b6f37000 r--p 00006000 08:01 398472     /usr/lib/i386-linux-gnu/libXrandr.so.2.2.0
b6f37000-b6f38000 rw-p 00007000 08:01 398472     /usr/lib/i386-linux-gnu/libXrandr.so.2.2.0
b6f38000-b6f46000 r-xp 00000000 08:01 398511     /usr/lib/i386-linux-gnu/libXi.so.6.1.0
b6f46000-b6f47000 r--p 0000d000 08:01 398511     /usr/lib/i386-linux-gnu/libXi.so.6.1.0
b6f47000-b6f48000 rw-p 0000e000 08:01 398511     /usr/lib/i386-linux-gnu/libXi.so.6.1.0
b6f48000-b6f4a000 r-xp 00000000 08:01 398467     /usr/lib/i386-linux-gnu/libXinerama.so.1.0.0
b6f4a000-b6f4b000 r--p 00001000 08:01 398467     /usr/lib/i386-linux-gnu/libXinerama.so.1.0.0
b6f4b000-b6f4c000 rw-p 00002000 08:01 398467     /usr/lib/i386-linux-gnu/libXinerama.so.1.0.0
b6f4c000-b6f54000 r-xp 00000000 08:01 394898     /usr/lib/i386-linux-gnu/libXrender.so.1.3.0
b6f54000-b6f55000 r--p 00007000 08:01 394898     /usr/lib/i386-linux-gnu/libXrender.so.1.3.0
b6f55000-b6f56000 rw-p 00008000 08:01 394898     /usr/lib/i386-linux-gnu/libXrender.so.1.3.0
b6f56000-b6f66000 r-xp 00000000 08:01 398457     /usr/lib/i386-linux-gnu/libXext.so.6.4.0
b6f66000-b6f67000 r--p 0000f000 08:01 398457     /usr/lib/i386-linux-gnu/libXext.so.6.4.0
b6f67000-b6f68000 rw-p 00010000 08:01 398457     /usr/lib/i386-linux-gnu/libXext.so.6.4.0
b6f68000-b6f9a000 r-xp 00000000 08:01 393764     /usr/lib/i386-linux-gnu/libfontconfig.so.1.4.4
b6f9a000-b6f9b000 r--p 00032000 08:01 393764     /usr/lib/i386-linux-gnu/libfontconfig.so.1.4.4
b6f9b000-b6f9c000 rw-p 00033000 08:01 393764     /usr/lib/i386-linux-gnu/libfontconfig.so.1.4.4
b6f9c000-b70ef000 r-xp 00000000 08:01 393656     /usr/lib/i386-linux-gnu/libgio-2.0.so.0.3200.3
b70ef000-b70f1000 r--p 00153000 08:01 393656     /usr/lib/i386-linux-gnu/libgio-2.0.so.0.3200.3
b70f1000-b70f2000 rw-p 00155000 08:01 393656     /usr/lib/i386-linux-gnu/libgio-2.0.so.0.3200.3
b70f2000-b70f3000 rw-p 00000000 00:00 0 
b70f3000-b7112000 r-xp 00000000 08:01 397054     /usr/lib/i386-linux-gnu/libgdk_pixbuf-2.0.so.0.2600.1
b7112000-b7113000 r--p 0001e000 08:01 397054     /usr/lib/i386-linux-gnu/libgdk_pixbuf-2.0.so.0.2600.1
b7113000-b7114000 rw-p 0001f000 08:01 397054     /usr/lib/i386-linux-gnu/libgdk_pixbuf-2.0.so.0.2600.1
b7114000-b715b000 r-xp 00000000 08:01 393660     /usr/lib/i386-linux-gnu/libpango-1.0.so.0.3000.0
b715b000-b715c000 ---p 00047000 08:01 393660     /usr/lib/i386-linux-gnu/libpango-1.0.so.0.3000.0
b715c000-b715d000 r--p 00047000 08:01 393660     /usr/lib/i386-linux-gnu/libpango-1.0.so.0.3000.0
b715d000-b715e000 rw-p 00048000 08:01 393660     /usr/lib/i386-linux-gnu/libpango-1.0.so.0.3000.0
b715e000-b7169000 r-xp 00000000 08:01 395245     /usr/lib/i386-linux-gnu/libpangocairo-1.0.so.0.3000.0
b7169000-b716a000 r--p 0000a000 08:01 395245     /usr/lib/i386-linux-gnu/libpangocairo-1.0.so.0.3000.0
b716a000-b716b000 rw-p 0000b000 08:01 395245     /usr/lib/i386-linux-gnu/libpangocairo-1.0.so.0.3000.0
b716b000-b7216000 r-xp 00000000 08:01 398699     /usr/lib/i386-linux-gnu/libgdk-x11-2.0.so.0.2400.10
b7216000-b7217000 ---p 000ab000 08:01 398699     /usr/lib/i386-linux-gnu/libgdk-x11-2.0.so.0.2400.10
b7217000-b7219000 r--p 000ab000 08:01 398699     /usr/lib/i386-linux-gnu/libgdk-x11-2.0.so.0.2400.10
b7219000-b721a000 rw-p 000ad000 08:01 398699     /usr/lib/i386-linux-gnu/libgdk-x11-2.0.so.0.2400.10
b721a000-b7221000 r-xp 00000000 08:01 1049758    /lib/i386-linux-gnu/librt-2.15.so
b7221000-b7222000 r--p 00006000 08:01 1049758    /lib/i386-linux-gnu/librt-2.15.so
b7222000-b7223000 rw-p 00007000 08:01 1049758    /lib/i386-linux-gnu/librt-2.15.so
b7223000-b725d000 r-xp 00000000 08:01 1053058    /lib/i386-linux-gnu/libpcre.so.3.12.1
b725d000-b725e000 r--p 00039000 08:01 1053058    /lib/i386-linux-gnu/libpcre.so.3.12.1
b725e000-b725f000 rw-p 0003a000 08:01 1053058    /lib/i386-linux-gnu/libpcre.so.3.12.1
b725f000-b7264000 r-xp 00000000 08:01 394904     /usr/lib/i386-linux-gnu/libffi.so.6.0.0
b7264000-b7265000 r--p 00004000 08:01 394904     /usr/lib/i386-linux-gnu/libffi.so.6.0.0
b7265000-b7266000 rw-p 00005000 08:01 394904     /usr/lib/i386-linux-gnu/libffi.so.6.0.0
b7266000-b735d000 r-xp 00000000 08:01 1052631    /lib/i386-linux-gnu/libglib-2.0.so.0.3200.3
b735d000-b735e000 r--p 000f6000 08:01 1052631    /lib/i386-linux-gnu/libglib-2.0.so.0.3200.3
b735e000-b735f000 rw-p 000f7000 08:01 1052631    /lib/i386-linux-gnu/libglib-2.0.so.0.3200.3
b735f000-b73ac000 r-xp 00000000 08:01 393658     /usr/lib/i386-linux-gnu/libgobject-2.0.so.0.3200.3
b73ac000-b73ad000 r--p 0004c000 08:01 393658     /usr/lib/i386-linux-gnu/libgobject-2.0.so.0.3200.3
b73ad000-b73ae000 rw-p 0004d000 08:01 393658     /usr/lib/i386-linux-gnu/libgobject-2.0.so.0.3200.3
b73ae000-b73af000 r--p 00000000 00:00 0 
b73af000-b73bf000 r-xp 00000000 08:01 395148     /usr/lib/liboverlay-scrollbar-0.2.so.0.0.16
b73bf000-b73c0000 r--p 0000f000 08:01 395148     /usr/lib/liboverlay-scrollbar-0.2.so.0.0.16
b73c0000-b73c1000 rw-p 00010000 08:01 395148     /usr/lib/liboverlay-scrollbar-0.2.so.0.0.16
b73c1000-b75c1000 r--p 00000000 08:01 393343     /usr/lib/locale/locale-archive
b75c1000-b75c2000 rw-p 00000000 00:00 0 
b75c2000-b7765000 r-xp 00000000 08:01 1049751    /lib/i386-linux-gnu/libc-2.15.so
b7765000-b7766000 ---p 001a3000 08:01 1049751    /lib/i386-linux-gnu/libc-2.15.so
b7766000-b7768000 r--p 001a3000 08:01 1049751    /lib/i386-linux-gnu/libc-2.15.so
b7768000-b7769000 rw-p 001a5000 08:01 1049751    /lib/i386-linux-gnu/libc-2.15.so
b7769000-b776d000 rw-p 00000000 00:00 0 
b776d000-b7770000 r-xp 00000000 08:01 1049766    /lib/i386-linux-gnu/libdl-2.15.so
b7770000-b7771000 r--p 00002000 08:01 1049766    /lib/i386-linux-gnu/libdl-2.15.so
b7771000-b7772000 rw-p 00003000 08:01 1049766    /lib/i386-linux-gnu/libdl-2.15.so
b7772000-b7789000 r-xp 00000000 08:01 1049760    /lib/i386-linux-gnu/libpthread-2.15.so
b7789000-b778a000 r--p 00016000 08:01 1049760    /lib/i386-linux-gnu/libpthread-2.15.so
b778a000-b778b000 rw-p 00017000 08:01 1049760    /lib/i386-linux-gnu/libpthread-2.15.so
b778b000-b778d000 rw-p 00000000 00:00 0 
b778d000-b778e000 r--p 00000000 08:01 3410062    /home/rpathare/.config/dconf/user
b778e000-b778f000 r--s 00000000 08:01 3409984    /home/rpathare/.cache/dconf/user
b778f000-b779d000 r-xp 00000000 08:01 531035     /usr/lib/eclipse/plugins/org.eclipse.equinox.launcher.gtk.linux.x86_1.1.100.dist/eclipse_1408.so
b779d000-b779e000 r--p 0000d000 08:01 531035     /usr/lib/eclipse/plugins/org.eclipse.equinox.launcher.gtk.linux.x86_1.1.100.dist/eclipse_1408.so
b779e000-b779f000 rw-p 0000e000 08:01 531035     /usr/lib/eclipse/plugins/org.eclipse.equinox.launcher.gtk.linux.x86_1.1.100.dist/eclipse_1408.so
b779f000-b77a0000 r--p 002c5000 08:01 393343     /usr/lib/locale/locale-archive
b77a0000-b77a2000 rw-p 00000000 00:00 0 
b77a2000-b77a3000 r-xp 00000000 00:00 0          [vdso]
b77a3000-b77c3000 r-xp 00000000 08:01 1049763    /lib/i386-linux-gnu/ld-2.15.so
b77c3000-b77c4000 r--p 0001f000 08:01 1049763    /lib/i386-linux-gnu/ld-2.15.so
b77c4000-b77c5000 rw-p 00020000 08:01 1049763    /lib/i386-linux-gnu/ld-2.15.so
bf9b8000-bf9bb000 ---p 00000000 00:00 0 
bf9bc000-bfa08000 rw-p 00000000 00:00 0          [stack]

VM Arguments:
jvm_args: -Xms40m -Xmx384m -Dorg.eclipse.equinox.p2.reconciler.dropins.directory=/usr/share/eclipse/dropins -XX:MaxPermSize=256m 
java_command: <unknown>
Launcher Type: generic

Environment Variables:
PATH=/usr/lib/lightdm/lightdm:/usr/local/sbin:/usr/local/bin:/usr/sbin:/usr/bin:/sbin:/bin:/usr/games
LD_LIBRARY_PATH=/usr/lib/jvm/java-6-openjdk-i386/jre/lib/i386/client:/usr/lib/jvm/java-6-openjdk-i386/jre/lib/i386:
SHELL=/bin/bash
DISPLAY=:0

Signal Handlers:
SIGSEGV: [libjvm.so+0x3e4720], sa_mask[0]=0x7ffbfeff, sa_flags=0x10000004
SIGBUS: [libjvm.so+0x3e4720], sa_mask[0]=0x7ffbfeff, sa_flags=0x10000004
SIGFPE: [libjvm.so+0x3016f0], sa_mask[0]=0x7ffbfeff, sa_flags=0x10000004
SIGPIPE: SIG_IGN, sa_mask[0]=0x00001000, sa_flags=0x10000000
SIGXFSZ: [libjvm.so+0x3016f0], sa_mask[0]=0x7ffbfeff, sa_flags=0x10000004
SIGILL: [libjvm.so+0x3016f0], sa_mask[0]=0x7ffbfeff, sa_flags=0x10000004
SIGUSR1: SIG_DFL, sa_mask[0]=0x00000000, sa_flags=0x00000000
SIGUSR2: [libjvm.so+0x301580], sa_mask[0]=0x00000000, sa_flags=0x10000004
SIGHUP: [libjvm.so+0x304620], sa_mask[0]=0x7ffbfeff, sa_flags=0x10000004
SIGINT: [libjvm.so+0x304620], sa_mask[0]=0x7ffbfeff, sa_flags=0x10000004
SIGTERM: [libjvm.so+0x304620], sa_mask[0]=0x7ffbfeff, sa_flags=0x10000004
SIGQUIT: [libjvm.so+0x304620], sa_mask[0]=0x7ffbfeff, sa_flags=0x10000004


---------------  S Y S T E M  ---------------

OS:Ubuntu 12.04 (precise)
uname:Linux 3.2.0-36-generic-pae #57-Ubuntu SMP Tue Jan 8 22:01:06 UTC 2013 i686
libc:glibc 2.15 NPTL 2.15 
rlimit: STACK 8192k, CORE 0k, NPROC 15905, NOFILE 4096, AS infinity
load average:0.69 0.79 0.67

/proc/meminfo:
MemTotal:        2050452 kB
MemFree:          179408 kB
Buffers:           89452 kB
Cached:          1296800 kB
SwapCached:            0 kB
Active:           869012 kB
Inactive:         919588 kB
Active(anon):     496348 kB
Inactive(anon):   233944 kB
Active(file):     372664 kB
Inactive(file):   685644 kB
Unevictable:           0 kB
Mlocked:               0 kB
HighTotal:       1174408 kB
HighFree:           1740 kB
LowTotal:         876044 kB
LowFree:          177668 kB
SwapTotal:       2085884 kB
SwapFree:        2085884 kB
Dirty:              2464 kB
Writeback:             0 kB
AnonPages:        402468 kB
Mapped:           179092 kB
Shmem:            327948 kB
Slab:              50852 kB
SReclaimable:      35596 kB
SUnreclaim:        15256 kB
KernelStack:        3272 kB
PageTables:         7856 kB
NFS_Unstable:          0 kB
Bounce:                0 kB
WritebackTmp:          0 kB
CommitLimit:     3111108 kB
Committed_AS:    2829936 kB
VmallocTotal:     122880 kB
VmallocUsed:       14424 kB
VmallocChunk:     103996 kB
HardwareCorrupted:     0 kB
AnonHugePages:         0 kB
HugePages_Total:       0
HugePages_Free:        0
HugePages_Rsvd:        0
HugePages_Surp:        0
Hugepagesize:       2048 kB
DirectMap4k:      913400 kB
DirectMap2M:           0 kB


CPU:total 4 (2 cores per cpu, 2 threads per core) family 6 model 28 stepping 2, cmov, cx8, fxsr, mmx, sse, sse2, sse3, ssse3, ht

Memory: 4k page, physical 2050452k(179408k free), swap 2085884k(2085884k free)

vm_info: OpenJDK Client VM (20.0-b12) for linux-x86 JRE (1.6.0_24-b24), built on Oct 24 2012 16:21:09 by "buildd" with gcc 4.6.3

time: Mon Jan 28 11:44:57 2013
elapsed time: 236 seconds

